<?xml version="1.0" encoding="UTF-8"?>
<!-- Generated by org.testng.reporters.JUnitReportReporter -->
<testsuite hostname="DESKTOP-2H7UBNJ" failures="0" tests="2" name="e2eproject.finaldemo.LoginTestCase" time="59.952" errors="0" timestamp="2021-12-13T09:44:05 IST" skipped="0">
  <testcase classname="e2eproject.finaldemo.LoginTestCase" name="basepagenavigation" time="35.440"/>
  <system-out/>
  <testcase classname="e2eproject.finaldemo.LoginTestCase" name="basepagenavigation" time="24.512"/>
  <system-out/>
</testsuite> <!-- e2eproject.finaldemo.LoginTestCase -->
